<?xml version="1.0" encoding="UTF-8"?>
<testsuite xmlns:xsi="http://www.w3.org/2001/XMLSchema-instance" xsi:noNamespaceSchemaLocation="https://maven.apache.org/surefire/maven-surefire-plugin/xsd/surefire-test-report-3.0.xsd" version="3.0" name="MathCalvulationTest" time="0.26" tests="2" errors="0" skipped="0" failures="0">
  <properties>
[...]
</properties>
  <testcase name="testMulti" classname="MathCalvulationTest" time="0.098">
    <system-out><![CDATA[Test is sussessful with multipilucation
]]></system-out>
  </testcase>
  <testcase name="testAd" classname="MathCalvulationTest" time="0.032">
    <system-out><![CDATA[Test is sussessful
]]></system-out>
  </testcase>
</testsuite>